<?xml version="1.0" encoding="UTF-8"?>
<robot generator="Robot 6.1.1 (Python 3.12.0 on win32)" generated="20231017 16:01:18.554" rpa="false" schemaversion="4">
<suite id="s1" name="Trial1" source="c:\my_vs\robotframework\demo\tests\trial1.robot">
<test id="s1-t1" name="Opening a website" line="9">
<kw name="Open Browser" library="SeleniumLibrary">
<arg>${URL}</arg>
<arg>chrome</arg>
<doc>Opens a new browser instance to the optional ``url``.</doc>
<msg timestamp="20231017 16:01:18.785" level="INFO">Opening browser 'chrome' to base url 'https://automationplayground.com/crm/'.</msg>
<status status="PASS" starttime="20231017 16:01:18.783" endtime="20231017 16:01:21.958"/>
</kw>
<tag>'sanity'</tag>
<status status="PASS" starttime="20231017 16:01:18.783" endtime="20231017 16:01:21.958"/>
</test>
<doc>sample project</doc>
<status status="PASS" starttime="20231017 16:01:18.559" endtime="20231017 16:01:21.960"/>
</suite>
<statistics>
<total>
<stat pass="1" fail="0" skip="0">All Tests</stat>
</total>
<tag>
<stat pass="1" fail="0" skip="0">'sanity'</stat>
</tag>
<suite>
<stat pass="1" fail="0" skip="0" id="s1" name="Trial1">Trial1</stat>
</suite>
</statistics>
<errors>
</errors>
</robot>
